<?xml version="1.0" encoding="UTF-8"?>
<robot generator="Robot 7.3.2 (Python 3.13.5 on win32)" generated="2025-07-20T19:08:20.999540" rpa="false" schemaversion="5">
<suite id="s1" name="TestsBase" source="D:\QA\Robot\AutomationExercise\TestsBase.robot">
<test id="s1-t1" name="Realizar cadastro com email já cadastrado" line="46">
<kw name="Start new session" owner="base" type="SETUP">
<kw name="New Browser" owner="Browser">
<msg time="2025-07-20T19:08:21.293490" level="INFO">{"browser": "chromium", "headless": false, "chromiumSandbox": false, "devtools": false, "handleSIGHUP": true, "handleSIGINT": true, "handleSIGTERM": true, "slowMo": 0.0, "timeout": 30000.0, "tracesDir": "D:\\QA\\Robot\\AutomationExercise\\logs\\browser\\traces\\temp\\99cb4f59-88d7-4393-a37f-746687d2ffb9"}</msg>
<msg time="2025-07-20T19:08:21.316392" level="INFO">Starting Browser process C:\Users\Marcos Santos\AppData\Local\Programs\Python\Python313\Lib\site-packages\Browser\wrapper\index.js using at 127.0.0.1:62525</msg>
<msg time="2025-07-20T19:08:22.021625" level="INFO">Successfully created browser with options: {"browser":"chromium","headless":false,"chromiumSandbox":false,"devtools":false,"handleSIGHUP":true,"handleSIGINT":true,"handleSIGTERM":true,"slowMo":0,"timeout":30000,"tracesDir":"D:\\QA\\Robot\\AutomationExercise\\logs\\browser\\traces\\temp\\99cb4f59-88d7-4393-a37f-746687d2ffb9"}</msg>
<arg>browser=chromium</arg>
<arg>headless=False</arg>
<tag>BrowserControl</tag>
<tag>Setter</tag>
<doc>Create a new playwright Browser with specified options.</doc>
<status status="PASS" start="2025-07-20T19:08:21.293027" elapsed="0.728775"/>
</kw>
<kw name="New Page" owner="Browser">
<msg time="2025-07-20T19:08:25.985593" level="INFO">Successfully initialized new page object and opened url: https://www.automationexercise.com/</msg>
<msg time="2025-07-20T19:08:25.985658" level="INFO">No context was open. New context was automatically opened when this page is created.</msg>
<arg>https://www.automationexercise.com/</arg>
<tag>BrowserControl</tag>
<tag>Setter</tag>
<doc>Open a new Page.</doc>
<status status="PASS" start="2025-07-20T19:08:22.022026" elapsed="3.963744"/>
</kw>
<status status="PASS" start="2025-07-20T19:08:21.292579" elapsed="4.693303"/>
</kw>
<kw name="Acessar página de login e cadastro" owner="navBar">
<kw name="Click" owner="Browser">
<msg time="2025-07-20T19:08:25.987015" level="INFO">Clicks the element 'xpath=//a[text()=" Signup / Login"]'.</msg>
<arg>xpath=//a[text()=" Signup / Login"]</arg>
<tag>PageContent</tag>
<tag>Setter</tag>
<doc>Simulates mouse click on the element found by ``selector``.</doc>
<status status="PASS" start="2025-07-20T19:08:25.986660" elapsed="0.923715"/>
</kw>
<status status="PASS" start="2025-07-20T19:08:25.986233" elapsed="0.924346"/>
</kw>
<kw name="Get JSON Fixtures" owner="base">
<kw name="Load Json From File" owner="JSONLibrary">
<msg time="2025-07-20T19:08:26.912230" level="INFO">${data} = {'login': {'validUser': {'password': '@h82rW3Lx@tFyJ', 'email': 'marcos.bws@hotmail.com', 'name': 'marcos'}, 'invalidUser': {'password': '@h82rW3Lx@tFyJ', 'email': 'marcos3.bws@hotmail.com'}}}</msg>
<var>${data}</var>
<arg>${EXECDIR}/resources/fixtures/${file_name}.json</arg>
<arg>encoding=utf-8</arg>
<doc>Load JSON from file.</doc>
<status status="PASS" start="2025-07-20T19:08:26.911709" elapsed="0.000547"/>
</kw>
<return>
<value>${data}[${scenario}]</value>
<status status="PASS" start="2025-07-20T19:08:26.912310" elapsed="0.000082"/>
</return>
<msg time="2025-07-20T19:08:26.912523" level="INFO">${userLogin} = {'validUser': {'password': '@h82rW3Lx@tFyJ', 'email': 'marcos.bws@hotmail.com', 'name': 'marcos'}, 'invalidUser': {'password': '@h82rW3Lx@tFyJ', 'email': 'marcos3.bws@hotmail.com'}}</msg>
<var>${userLogin}</var>
<arg>dados</arg>
<arg>login</arg>
<status status="PASS" start="2025-07-20T19:08:26.911344" elapsed="0.001197"/>
</kw>
<kw name="Preencher informações de Signup" owner="signupLogin">
<kw name="Fill Text" owner="Browser">
<msg time="2025-07-20T19:08:26.913543" level="INFO">Fills the text 'marcos' in the given field.</msg>
<arg>[data-qa="signup-name"]</arg>
<arg>${name}</arg>
<tag>PageContent</tag>
<tag>Setter</tag>
<doc>Clears and fills the given ``txt`` into the text field found by ``selector``.</doc>
<status status="PASS" start="2025-07-20T19:08:26.913073" elapsed="0.023639"/>
</kw>
<kw name="Fill Text" owner="Browser">
<msg time="2025-07-20T19:08:26.937332" level="INFO">Fills the text 'marcos.bws@hotmail.com' in the given field.</msg>
<arg>[data-qa="signup-email"]</arg>
<arg>${email}</arg>
<tag>PageContent</tag>
<tag>Setter</tag>
<doc>Clears and fills the given ``txt`` into the text field found by ``selector``.</doc>
<status status="PASS" start="2025-07-20T19:08:26.936898" elapsed="0.010519"/>
</kw>
<kw name="Click" owner="Browser">
<msg time="2025-07-20T19:08:26.948986" level="INFO">Clicks the element '[data-qa="signup-button"]'.</msg>
<arg>[data-qa="signup-button"]</arg>
<tag>PageContent</tag>
<tag>Setter</tag>
<doc>Simulates mouse click on the element found by ``selector``.</doc>
<status status="PASS" start="2025-07-20T19:08:26.947636" elapsed="0.358877"/>
</kw>
<arg>${userLogin}[validUser][name]</arg>
<arg>${userLogin}[validUser][email]</arg>
<status status="PASS" start="2025-07-20T19:08:26.912739" elapsed="0.393970"/>
</kw>
<kw name="Validar mensagem de email incorreto" owner="signupLogin">
<kw name="Wait For Elements State" owner="Browser">
<msg time="2025-07-20T19:08:27.337568" level="INFO">Waited for Element with selector xpath=//form[@action="/signup"]//p at state visible</msg>
<arg>xpath=//form[@action="/signup"]//p</arg>
<arg>visible</arg>
<tag>PageContent</tag>
<tag>Wait</tag>
<doc>Waits for the element found by ``selector`` to satisfy state option.</doc>
<status status="PASS" start="2025-07-20T19:08:27.307518" elapsed="0.030177"/>
</kw>
<kw name="Get Text" owner="Browser">
<msg time="2025-07-20T19:08:27.355904" level="INFO">Text: 'Email Address already exist!'</msg>
<arg>//form[@action="/signup"]//p</arg>
<arg>equal</arg>
<arg>Email Address already exist!</arg>
<tag>Assertion</tag>
<tag>Getter</tag>
<tag>PageContent</tag>
<doc>Returns text attribute of the element found by ``selector``.</doc>
<status status="PASS" start="2025-07-20T19:08:27.337845" elapsed="0.018159"/>
</kw>
<status status="PASS" start="2025-07-20T19:08:27.307157" elapsed="0.048935"/>
</kw>
<kw name="Take Screenshot" owner="Browser" type="TEARDOWN">
<msg time="2025-07-20T19:08:27.433950" level="INFO" html="true">&lt;/td&gt;&lt;/tr&gt;&lt;tr&gt;&lt;td colspan="3"&gt;&lt;a href="browser/screenshot/robotframework-browser-screenshot-1.png" target="_blank"&gt;&lt;img src="browser/screenshot/robotframework-browser-screenshot-1.png" width="800px"/&gt;&lt;/a&gt;</msg>
<tag>PageContent</tag>
<doc>Takes a screenshot of the current window or element and saves it to disk.</doc>
<status status="PASS" start="2025-07-20T19:08:27.356413" elapsed="0.077667"/>
</kw>
<msg time="2025-07-20T19:08:27.449717" level="INFO">Switching context to context=0b3ed9c6-90b9-41b0-92dc-02223e2d318d in CURRENT</msg>
<msg time="2025-07-20T19:08:27.454279" level="INFO">Successfully changed active context: context=0b3ed9c6-90b9-41b0-92dc-02223e2d318d</msg>
<msg time="2025-07-20T19:08:27.499933" level="INFO">Successfully closed Context</msg>
<tag>cadastroinv</tag>
<status status="PASS" start="2025-07-20T19:08:21.291951" elapsed="6.142367"/>
</test>
<status status="PASS" start="2025-07-20T19:08:21.000552" elapsed="6.503348"/>
</suite>
<statistics>
<total>
<stat pass="1" fail="0" skip="0">All Tests</stat>
</total>
<tag>
<stat pass="1" fail="0" skip="0">cadastroinv</stat>
</tag>
<suite>
<stat name="TestsBase" id="s1" pass="1" fail="0" skip="0">TestsBase</stat>
</suite>
</statistics>
<errors>
<msg time="2025-07-20T19:08:21.017234" level="WARN">Error in file 'D:\QA\Robot\AutomationExercise\resources\base.resource' on line 21: The '[Return]' setting is deprecated. Use the 'RETURN' statement instead.</msg>
</errors>
</robot>
