<?xml version="1.0" encoding="UTF-8"?>
<robot generator="Robot 7.3.2 (Python 3.13.5 on win32)" generated="2025-07-28T07:22:31.288215" rpa="false" schemaversion="5">
<suite id="s1" name="TestsBase" source="D:\QA\Robot\AutomationExercise\TestsBase.robot">
<test id="s1-t1" name="verificar todos os produtos e a página de detalhes do produto" line="61">
<kw name="Start new session" owner="base" type="SETUP">
<kw name="New Browser" owner="Browser">
<msg time="2025-07-28T07:22:31.562337" level="INFO">{"browser": "chromium", "headless": false, "chromiumSandbox": false, "devtools": false, "handleSIGHUP": true, "handleSIGINT": true, "handleSIGTERM": true, "slowMo": 0.0, "timeout": 30000.0, "tracesDir": "D:\\QA\\Robot\\AutomationExercise\\logs\\browser\\traces\\temp\\aab64bcd-b2d3-4814-ae50-aa666b171a26"}</msg>
<msg time="2025-07-28T07:22:31.582512" level="INFO">Starting Browser process C:\Users\Marcos Santos\AppData\Local\Programs\Python\Python313\Lib\site-packages\Browser\wrapper\index.js using at 127.0.0.1:60225</msg>
<msg time="2025-07-28T07:22:32.270049" level="INFO">Successfully created browser with options: {"browser":"chromium","headless":false,"chromiumSandbox":false,"devtools":false,"handleSIGHUP":true,"handleSIGINT":true,"handleSIGTERM":true,"slowMo":0,"timeout":30000,"tracesDir":"D:\\QA\\Robot\\AutomationExercise\\logs\\browser\\traces\\temp\\aab64bcd-b2d3-4814-ae50-aa666b171a26"}</msg>
<arg>browser=chromium</arg>
<arg>headless=False</arg>
<tag>BrowserControl</tag>
<tag>Setter</tag>
<doc>Create a new playwright Browser with specified options.</doc>
<status status="PASS" start="2025-07-28T07:22:31.561858" elapsed="0.708346"/>
</kw>
<kw name="New Page" owner="Browser">
<msg time="2025-07-28T07:22:36.714028" level="INFO">Successfully initialized new page object and opened url: https://www.automationexercise.com/</msg>
<msg time="2025-07-28T07:22:36.714116" level="INFO">No context was open. New context was automatically opened when this page is created.</msg>
<arg>https://www.automationexercise.com/</arg>
<tag>BrowserControl</tag>
<tag>Setter</tag>
<doc>Open a new Page.</doc>
<status status="PASS" start="2025-07-28T07:22:32.270460" elapsed="4.443794"/>
</kw>
<status status="PASS" start="2025-07-28T07:22:31.561422" elapsed="5.152942"/>
</kw>
<kw name="Ir para página de produtos" owner="navBar">
<kw name="Click" owner="Browser">
<msg time="2025-07-28T07:22:36.715310" level="INFO">Clicks the element '//a[@href="/products"]'.</msg>
<arg>//a[@href="/products"]</arg>
<tag>PageContent</tag>
<tag>Setter</tag>
<doc>Simulates mouse click on the element found by ``selector``.</doc>
<status status="PASS" start="2025-07-28T07:22:36.714996" elapsed="0.296391"/>
</kw>
<status status="PASS" start="2025-07-28T07:22:36.714688" elapsed="0.296866"/>
</kw>
<kw name="verificar Página de all products" owner="allProducts">
<kw name="Wait For Elements State" owner="Browser">
<msg time="2025-07-28T07:22:37.071976" level="INFO">Waited for Element with selector css=.features_items at state visible</msg>
<arg>css=.features_items</arg>
<arg>visible</arg>
<arg>timeout=5s</arg>
<tag>PageContent</tag>
<tag>Wait</tag>
<doc>Waits for the element found by ``selector`` to satisfy state option.</doc>
<status status="PASS" start="2025-07-28T07:22:37.012508" elapsed="0.059741"/>
</kw>
<kw name="Get Url" owner="Browser">
<msg time="2025-07-28T07:22:37.076297" level="INFO">${url} = https://www.automationexercise.com/products</msg>
<var>${url}</var>
<tag>Assertion</tag>
<tag>Getter</tag>
<tag>PageContent</tag>
<doc>Returns the current URL.</doc>
<status status="PASS" start="2025-07-28T07:22:37.072570" elapsed="0.003779"/>
</kw>
<kw name="Should Be Equal" owner="BuiltIn">
<arg>${url}</arg>
<arg>https://www.automationexercise.com/products</arg>
<doc>Fails if the given objects are unequal.</doc>
<status status="PASS" start="2025-07-28T07:22:37.076551" elapsed="0.000314"/>
</kw>
<kw name="Get Text" owner="Browser">
<msg time="2025-07-28T07:22:37.094373" level="INFO">Text: 'ALL PRODUCTS'</msg>
<arg>xpath=//h2[text()="All Products"]</arg>
<arg>equal</arg>
<arg>ALL PRODUCTS</arg>
<tag>Assertion</tag>
<tag>Getter</tag>
<tag>PageContent</tag>
<doc>Returns text attribute of the element found by ``selector``.</doc>
<status status="PASS" start="2025-07-28T07:22:37.077004" elapsed="0.017475"/>
</kw>
<status status="PASS" start="2025-07-28T07:22:37.012029" elapsed="0.082538"/>
</kw>
<kw name="selecionar o primeiro produto" owner="allProducts">
<kw name="Click" owner="Browser">
<msg time="2025-07-28T07:22:37.095515" level="INFO">Clicks the element 'xpath=//a[@href="/product_details/1"]'.</msg>
<arg>xpath=//a[@href="/product_details/1"]</arg>
<tag>PageContent</tag>
<tag>Setter</tag>
<doc>Simulates mouse click on the element found by ``selector``.</doc>
<status status="PASS" start="2025-07-28T07:22:37.095206" elapsed="0.566507"/>
</kw>
<status status="PASS" start="2025-07-28T07:22:37.094926" elapsed="0.566891"/>
</kw>
<kw name="Verificar página de detalhes de produto" owner="productDetails">
<kw name="Wait For Load State" owner="Browser">
<msg time="2025-07-28T07:22:37.662888" level="INFO">Waiting page load to state to receive load in 10000.0</msg>
<msg time="2025-07-28T07:22:39.141837" level="INFO">Load state load got in 10000</msg>
<arg>Load</arg>
<arg>10s</arg>
<tag>PageContent</tag>
<tag>Wait</tag>
<doc>Waits that the page reaches the required load state.</doc>
<status status="PASS" start="2025-07-28T07:22:37.662481" elapsed="1.479476"/>
</kw>
<kw name="Wait For Elements State" owner="Browser">
<msg time="2025-07-28T07:22:39.152804" level="INFO">Waited for Element with selector css=.product-information at state visible</msg>
<arg>css=.product-information</arg>
<arg>visible</arg>
<arg>5s</arg>
<tag>PageContent</tag>
<tag>Wait</tag>
<doc>Waits for the element found by ``selector`` to satisfy state option.</doc>
<status status="PASS" start="2025-07-28T07:22:39.142104" elapsed="0.010825"/>
</kw>
<kw name="Get Url" owner="Browser">
<msg time="2025-07-28T07:22:39.155003" level="INFO">${url} = https://www.automationexercise.com/product_details/1</msg>
<var>${url}</var>
<tag>Assertion</tag>
<tag>Getter</tag>
<tag>PageContent</tag>
<doc>Returns the current URL.</doc>
<status status="PASS" start="2025-07-28T07:22:39.153079" elapsed="0.001957"/>
</kw>
<kw name="Should Be Equal" owner="BuiltIn">
<arg>https://www.automationexercise.com/product_details/1</arg>
<arg>${url}</arg>
<doc>Fails if the given objects are unequal.</doc>
<status status="PASS" start="2025-07-28T07:22:39.155185" elapsed="0.000307"/>
</kw>
<kw name="Wait For Elements State" owner="Browser">
<msg time="2025-07-28T07:22:39.159850" level="INFO">Waited for Element with selector css=.cart at state visible</msg>
<arg>css=.cart</arg>
<arg>visible</arg>
<arg>5s</arg>
<tag>PageContent</tag>
<tag>Wait</tag>
<doc>Waits for the element found by ``selector`` to satisfy state option.</doc>
<status status="PASS" start="2025-07-28T07:22:39.155615" elapsed="0.004379"/>
</kw>
<kw name="Wait For Elements State" owner="Browser">
<msg time="2025-07-28T07:22:39.166420" level="INFO">Waited for Element with selector css=.product-information&gt;h2 at state visible</msg>
<arg>css=.product-information&gt;h2</arg>
<arg>visible</arg>
<arg>5s</arg>
<tag>PageContent</tag>
<tag>Wait</tag>
<doc>Waits for the element found by ``selector`` to satisfy state option.</doc>
<status status="PASS" start="2025-07-28T07:22:39.160145" elapsed="0.006513"/>
</kw>
<kw name="Wait For Elements State" owner="Browser">
<msg time="2025-07-28T07:22:39.173047" level="INFO">Waited for Element with selector css=#quantity at state visible</msg>
<arg>css=#quantity</arg>
<arg>visible</arg>
<arg>5s</arg>
<tag>PageContent</tag>
<tag>Wait</tag>
<doc>Waits for the element found by ``selector`` to satisfy state option.</doc>
<status status="PASS" start="2025-07-28T07:22:39.166931" elapsed="0.006259"/>
</kw>
<status status="PASS" start="2025-07-28T07:22:37.662175" elapsed="1.511111"/>
</kw>
<kw name="Take Screenshot" owner="Browser" type="TEARDOWN">
<msg time="2025-07-28T07:22:39.298160" level="INFO" html="true">&lt;/td&gt;&lt;/tr&gt;&lt;tr&gt;&lt;td colspan="3"&gt;&lt;a href="browser/screenshot/robotframework-browser-screenshot-1.png" target="_blank"&gt;&lt;img src="browser/screenshot/robotframework-browser-screenshot-1.png" width="800px"/&gt;&lt;/a&gt;</msg>
<tag>PageContent</tag>
<doc>Takes a screenshot of the current window or element and saves it to disk.</doc>
<status status="PASS" start="2025-07-28T07:22:39.173657" elapsed="0.124645"/>
</kw>
<msg time="2025-07-28T07:22:39.308239" level="INFO">Switching context to context=e4188f43-c4c2-45bc-b4a6-760dfa63b67c in CURRENT</msg>
<msg time="2025-07-28T07:22:39.314355" level="INFO">Successfully changed active context: context=e4188f43-c4c2-45bc-b4a6-760dfa63b67c</msg>
<msg time="2025-07-28T07:22:39.360224" level="INFO">Successfully closed Context</msg>
<tag>TodosProdutos</tag>
<status status="PASS" start="2025-07-28T07:22:31.560842" elapsed="7.737691"/>
</test>
<status status="PASS" start="2025-07-28T07:22:31.289890" elapsed="8.071482"/>
</suite>
<statistics>
<total>
<stat pass="1" fail="0" skip="0">All Tests</stat>
</total>
<tag>
<stat pass="1" fail="0" skip="0">TodosProdutos</stat>
</tag>
<suite>
<stat name="TestsBase" id="s1" pass="1" fail="0" skip="0">TestsBase</stat>
</suite>
</statistics>
<errors>
<msg time="2025-07-28T07:22:31.306569" level="WARN">Error in file 'D:\QA\Robot\AutomationExercise\resources\base.resource' on line 24: The '[Return]' setting is deprecated. Use the 'RETURN' statement instead.</msg>
</errors>
</robot>
